<?xml version="1.0" encoding="UTF-8"?>
<!-- Generated by org.testng.reporters.JUnitXMLReporter -->
<testsuite ignored="0" hostname="DESKTOP-N3LRL61" failures="0" tests="20" name="Test" time="128.503" errors="0" timestamp="2025-05-05T17:18:17 IST">
  <testcase classname="com_test.TC_01_Test" name="test_login" time="1.289"/>
  <testcase classname="com_test.TC_01_Test" name="test_01" time="9.095"/>
  <testcase classname="com_test.TC_02_Test" name="test_login" time="0.867"/>
  <testcase classname="com_test.TC_02_Test" name="test_01" time="7.029"/>
  <testcase classname="com_test.TC_03_Test" name="test_login" time="0.502"/>
  <testcase classname="com_test.TC_03_Test" name="test_03" time="6.201"/>
  <testcase classname="com_test.TC_04_Test" name="test_login" time="0.355"/>
  <testcase classname="com_test.TC_04_Test" name="test_04" time="6.627"/>
  <testcase classname="com_test.TC_05_Test" name="test_login" time="0.386"/>
  <testcase classname="com_test.TC_05_Test" name="test_05" time="7.204"/>
  <testcase classname="com_test.TC_06_Test" name="test_login" time="0.388"/>
  <testcase classname="com_test.TC_06_Test" name="test_06" time="7.245"/>
  <testcase classname="com_test.TC_07_Test" name="test_login" time="0.367"/>
  <testcase classname="com_test.TC_07_Test" name="test_07" time="7.248"/>
  <testcase classname="com_test.TC_08_Test" name="test_login" time="0.438"/>
  <testcase classname="com_test.TC_08_Test" name="test_07" time="6.531"/>
  <testcase classname="com_test.TC_09_Test" name="test_login" time="0.445"/>
  <testcase classname="com_test.TC_09_Test" name="test_09" time="7.192"/>
  <testcase classname="com_test.TC_10_Test" name="test_login" time="0.538"/>
  <testcase classname="com_test.TC_10_Test" name="test_10" time="6.857"/>
</testsuite> <!-- Test -->
