<?xml version="1.0" encoding="UTF-8"?>
<testng-results ignored="0" total="20" passed="20" failed="0" skipped="0">
  <reporter-output>
  </reporter-output>
  <suite started-at="2025-05-05T17:16:08 IST" name="Suite" finished-at="2025-05-05T17:18:17 IST" duration-ms="128503">
    <groups>
    </groups>
    <test started-at="2025-05-05T17:16:08 IST" name="Test" finished-at="2025-05-05T17:18:17 IST" duration-ms="128503">
      <class name="com_test.TC_05_Test">
        <test-method is-config="true" signature="set_Up()[pri:0, instance:com_test.TC_05_Test@3012646b]" started-at="2025-05-05T17:16:22 IST" name="set_Up" finished-at="2025-05-05T17:16:25 IST" duration-ms="3233" status="PASS">
          <reporter-output>
          </reporter-output>
        </test-method> <!-- set_Up -->
        <test-method signature="test_login()[pri:1, instance:com_test.TC_05_Test@3012646b]" started-at="2025-05-05T17:17:28 IST" name="test_login" finished-at="2025-05-05T17:17:29 IST" duration-ms="386" status="PASS">
          <reporter-output>
          </reporter-output>
        </test-method> <!-- test_login -->
        <test-method signature="test_05()[pri:0, instance:com_test.TC_05_Test@3012646b]" started-at="2025-05-05T17:17:29 IST" name="test_05" finished-at="2025-05-05T17:17:36 IST" depends-on-methods="com_test.TC_05_Test.test_login" duration-ms="7204" status="PASS">
          <reporter-output>
          </reporter-output>
        </test-method> <!-- test_05 -->
        <test-method is-config="true" signature="tear_down()[pri:0, instance:com_test.TC_05_Test@3012646b]" started-at="2025-05-05T17:18:15 IST" name="tear_down" finished-at="2025-05-05T17:18:15 IST" duration-ms="294" status="PASS">
          <reporter-output>
          </reporter-output>
        </test-method> <!-- tear_down -->
      </class> <!-- com_test.TC_05_Test -->
      <class name="com_test.TC_03_Test">
        <test-method is-config="true" signature="set_Up()[pri:0, instance:com_test.TC_03_Test@6221a451]" started-at="2025-05-05T17:16:16 IST" name="set_Up" finished-at="2025-05-05T17:16:19 IST" duration-ms="3066" status="PASS">
          <reporter-output>
          </reporter-output>
        </test-method> <!-- set_Up -->
        <test-method signature="test_login()[pri:1, instance:com_test.TC_03_Test@6221a451]" started-at="2025-05-05T17:17:15 IST" name="test_login" finished-at="2025-05-05T17:17:15 IST" duration-ms="502" status="PASS">
          <reporter-output>
          </reporter-output>
        </test-method> <!-- test_login -->
        <test-method signature="test_03()[pri:0, instance:com_test.TC_03_Test@6221a451]" started-at="2025-05-05T17:17:15 IST" name="test_03" finished-at="2025-05-05T17:17:21 IST" depends-on-methods="com_test.TC_03_Test.test_login" duration-ms="6201" status="PASS">
          <reporter-output>
          </reporter-output>
        </test-method> <!-- test_03 -->
        <test-method is-config="true" signature="tear_down()[pri:0, instance:com_test.TC_03_Test@6221a451]" started-at="2025-05-05T17:18:14 IST" name="tear_down" finished-at="2025-05-05T17:18:15 IST" duration-ms="298" status="PASS">
          <reporter-output>
          </reporter-output>
        </test-method> <!-- tear_down -->
      </class> <!-- com_test.TC_03_Test -->
      <class name="com_test.TC_02_Test">
        <test-method is-config="true" signature="set_Up()[pri:0, instance:com_test.TC_02_Test@2e6a8155]" started-at="2025-05-05T17:16:13 IST" name="set_Up" finished-at="2025-05-05T17:16:16 IST" duration-ms="2643" status="PASS">
          <reporter-output>
          </reporter-output>
        </test-method> <!-- set_Up -->
        <test-method signature="test_login()[pri:1, instance:com_test.TC_02_Test@2e6a8155]" started-at="2025-05-05T17:17:07 IST" name="test_login" finished-at="2025-05-05T17:17:07 IST" duration-ms="867" status="PASS">
          <reporter-output>
          </reporter-output>
        </test-method> <!-- test_login -->
        <test-method signature="test_01()[pri:0, instance:com_test.TC_02_Test@2e6a8155]" started-at="2025-05-05T17:17:07 IST" name="test_01" finished-at="2025-05-05T17:17:15 IST" depends-on-methods="com_test.TC_02_Test.test_login" duration-ms="7029" status="PASS">
          <reporter-output>
          </reporter-output>
        </test-method> <!-- test_01 -->
        <test-method is-config="true" signature="tear_down()[pri:0, instance:com_test.TC_02_Test@2e6a8155]" started-at="2025-05-05T17:18:14 IST" name="tear_down" finished-at="2025-05-05T17:18:14 IST" duration-ms="338" status="PASS">
          <reporter-output>
          </reporter-output>
        </test-method> <!-- tear_down -->
      </class> <!-- com_test.TC_02_Test -->
      <class name="com_test.TC_10_Test">
        <test-method is-config="true" signature="set_Up()[pri:0, instance:com_test.TC_10_Test@537f60bf]" started-at="2025-05-05T17:16:51 IST" name="set_Up" finished-at="2025-05-05T17:16:56 IST" duration-ms="4931" status="PASS">
          <reporter-output>
          </reporter-output>
        </test-method> <!-- set_Up -->
        <test-method signature="test_login()[pri:1, instance:com_test.TC_10_Test@537f60bf]" started-at="2025-05-05T17:18:06 IST" name="test_login" finished-at="2025-05-05T17:18:06 IST" duration-ms="538" status="PASS">
          <reporter-output>
          </reporter-output>
        </test-method> <!-- test_login -->
        <test-method signature="test_10()[pri:0, instance:com_test.TC_10_Test@537f60bf]" started-at="2025-05-05T17:18:06 IST" name="test_10" finished-at="2025-05-05T17:18:13 IST" depends-on-methods="com_test.TC_10_Test.test_login" duration-ms="6857" status="PASS">
          <reporter-output>
          </reporter-output>
        </test-method> <!-- test_10 -->
        <test-method is-config="true" signature="tear_down()[pri:0, instance:com_test.TC_10_Test@537f60bf]" started-at="2025-05-05T17:18:16 IST" name="tear_down" finished-at="2025-05-05T17:18:17 IST" duration-ms="375" status="PASS">
          <reporter-output>
          </reporter-output>
        </test-method> <!-- tear_down -->
      </class> <!-- com_test.TC_10_Test -->
      <class name="com_test.TC_06_Test">
        <test-method is-config="true" signature="set_Up()[pri:0, instance:com_test.TC_06_Test@4a883b15]" started-at="2025-05-05T17:16:25 IST" name="set_Up" finished-at="2025-05-05T17:16:35 IST" duration-ms="10058" status="PASS">
          <reporter-output>
          </reporter-output>
        </test-method> <!-- set_Up -->
        <test-method signature="test_login()[pri:1, instance:com_test.TC_06_Test@4a883b15]" started-at="2025-05-05T17:17:36 IST" name="test_login" finished-at="2025-05-05T17:17:36 IST" duration-ms="388" status="PASS">
          <reporter-output>
          </reporter-output>
        </test-method> <!-- test_login -->
        <test-method signature="test_06()[pri:0, instance:com_test.TC_06_Test@4a883b15]" started-at="2025-05-05T17:17:36 IST" name="test_06" finished-at="2025-05-05T17:17:43 IST" depends-on-methods="com_test.TC_06_Test.test_login" duration-ms="7245" status="PASS">
          <reporter-output>
          </reporter-output>
        </test-method> <!-- test_06 -->
        <test-method is-config="true" signature="tear_down()[pri:0, instance:com_test.TC_06_Test@4a883b15]" started-at="2025-05-05T17:18:15 IST" name="tear_down" finished-at="2025-05-05T17:18:15 IST" duration-ms="277" status="PASS">
          <reporter-output>
          </reporter-output>
        </test-method> <!-- tear_down -->
      </class> <!-- com_test.TC_06_Test -->
      <class name="com_test.TC_01_Test">
        <test-method is-config="true" signature="set_Up()[pri:0, instance:com_test.TC_01_Test@121314f7]" started-at="2025-05-05T17:16:09 IST" name="set_Up" finished-at="2025-05-05T17:16:13 IST" duration-ms="4747" status="PASS">
          <reporter-output>
          </reporter-output>
        </test-method> <!-- set_Up -->
        <test-method signature="test_login()[pri:1, instance:com_test.TC_01_Test@121314f7]" started-at="2025-05-05T17:16:56 IST" name="test_login" finished-at="2025-05-05T17:16:57 IST" duration-ms="1289" status="PASS">
          <reporter-output>
          </reporter-output>
        </test-method> <!-- test_login -->
        <test-method signature="test_01()[pri:2, instance:com_test.TC_01_Test@121314f7]" started-at="2025-05-05T17:16:57 IST" name="test_01" finished-at="2025-05-05T17:17:07 IST" duration-ms="9095" status="PASS">
          <reporter-output>
          </reporter-output>
        </test-method> <!-- test_01 -->
        <test-method is-config="true" signature="tear_down()[pri:0, instance:com_test.TC_01_Test@121314f7]" started-at="2025-05-05T17:18:13 IST" name="tear_down" finished-at="2025-05-05T17:18:14 IST" duration-ms="756" status="PASS">
          <reporter-output>
          </reporter-output>
        </test-method> <!-- tear_down -->
      </class> <!-- com_test.TC_01_Test -->
      <class name="com_test.TC_09_Test">
        <test-method is-config="true" signature="set_Up()[pri:0, instance:com_test.TC_09_Test@5824a83d]" started-at="2025-05-05T17:16:47 IST" name="set_Up" finished-at="2025-05-05T17:16:51 IST" duration-ms="3791" status="PASS">
          <reporter-output>
          </reporter-output>
        </test-method> <!-- set_Up -->
        <test-method signature="test_login()[pri:1, instance:com_test.TC_09_Test@5824a83d]" started-at="2025-05-05T17:17:58 IST" name="test_login" finished-at="2025-05-05T17:17:59 IST" duration-ms="445" status="PASS">
          <reporter-output>
          </reporter-output>
        </test-method> <!-- test_login -->
        <test-method signature="test_09()[pri:0, instance:com_test.TC_09_Test@5824a83d]" started-at="2025-05-05T17:17:59 IST" name="test_09" finished-at="2025-05-05T17:18:06 IST" depends-on-methods="com_test.TC_09_Test.test_login" duration-ms="7192" status="PASS">
          <reporter-output>
          </reporter-output>
        </test-method> <!-- test_09 -->
        <test-method is-config="true" signature="tear_down()[pri:0, instance:com_test.TC_09_Test@5824a83d]" started-at="2025-05-05T17:18:16 IST" name="tear_down" finished-at="2025-05-05T17:18:16 IST" duration-ms="268" status="PASS">
          <reporter-output>
          </reporter-output>
        </test-method> <!-- tear_down -->
      </class> <!-- com_test.TC_09_Test -->
      <class name="com_test.TC_07_Test">
        <test-method is-config="true" signature="set_Up()[pri:0, instance:com_test.TC_07_Test@25641d39]" started-at="2025-05-05T17:16:35 IST" name="set_Up" finished-at="2025-05-05T17:16:40 IST" duration-ms="4985" status="PASS">
          <reporter-output>
          </reporter-output>
        </test-method> <!-- set_Up -->
        <test-method signature="test_login()[pri:1, instance:com_test.TC_07_Test@25641d39]" started-at="2025-05-05T17:17:43 IST" name="test_login" finished-at="2025-05-05T17:17:44 IST" duration-ms="367" status="PASS">
          <reporter-output>
          </reporter-output>
        </test-method> <!-- test_login -->
        <test-method signature="test_07()[pri:0, instance:com_test.TC_07_Test@25641d39]" started-at="2025-05-05T17:17:44 IST" name="test_07" finished-at="2025-05-05T17:17:51 IST" depends-on-methods="com_test.TC_07_Test.test_login" duration-ms="7248" status="PASS">
          <reporter-output>
          </reporter-output>
        </test-method> <!-- test_07 -->
        <test-method is-config="true" signature="tear_down()[pri:0, instance:com_test.TC_07_Test@25641d39]" started-at="2025-05-05T17:18:15 IST" name="tear_down" finished-at="2025-05-05T17:18:16 IST" duration-ms="280" status="PASS">
          <reporter-output>
          </reporter-output>
        </test-method> <!-- tear_down -->
      </class> <!-- com_test.TC_07_Test -->
      <class name="com_test.TC_08_Test">
        <test-method is-config="true" signature="set_Up()[pri:0, instance:com_test.TC_08_Test@7b36aa0c]" started-at="2025-05-05T17:16:40 IST" name="set_Up" finished-at="2025-05-05T17:16:47 IST" duration-ms="7102" status="PASS">
          <reporter-output>
          </reporter-output>
        </test-method> <!-- set_Up -->
        <test-method signature="test_login()[pri:1, instance:com_test.TC_08_Test@7b36aa0c]" started-at="2025-05-05T17:17:51 IST" name="test_login" finished-at="2025-05-05T17:17:52 IST" duration-ms="438" status="PASS">
          <reporter-output>
          </reporter-output>
        </test-method> <!-- test_login -->
        <test-method signature="test_07()[pri:0, instance:com_test.TC_08_Test@7b36aa0c]" started-at="2025-05-05T17:17:52 IST" name="test_07" finished-at="2025-05-05T17:17:58 IST" depends-on-methods="com_test.TC_08_Test.test_login" duration-ms="6531" status="PASS">
          <reporter-output>
          </reporter-output>
        </test-method> <!-- test_07 -->
        <test-method is-config="true" signature="tear_down()[pri:0, instance:com_test.TC_08_Test@7b36aa0c]" started-at="2025-05-05T17:18:16 IST" name="tear_down" finished-at="2025-05-05T17:18:16 IST" duration-ms="249" status="PASS">
          <reporter-output>
          </reporter-output>
        </test-method> <!-- tear_down -->
      </class> <!-- com_test.TC_08_Test -->
      <class name="com_test.TC_04_Test">
        <test-method is-config="true" signature="set_Up()[pri:0, instance:com_test.TC_04_Test@52719fb6]" started-at="2025-05-05T17:16:19 IST" name="set_Up" finished-at="2025-05-05T17:16:22 IST" duration-ms="2900" status="PASS">
          <reporter-output>
          </reporter-output>
        </test-method> <!-- set_Up -->
        <test-method signature="test_login()[pri:1, instance:com_test.TC_04_Test@52719fb6]" started-at="2025-05-05T17:17:21 IST" name="test_login" finished-at="2025-05-05T17:17:22 IST" duration-ms="355" status="PASS">
          <reporter-output>
          </reporter-output>
        </test-method> <!-- test_login -->
        <test-method signature="test_04()[pri:0, instance:com_test.TC_04_Test@52719fb6]" started-at="2025-05-05T17:17:22 IST" name="test_04" finished-at="2025-05-05T17:17:28 IST" depends-on-methods="com_test.TC_04_Test.test_login" duration-ms="6627" status="PASS">
          <reporter-output>
          </reporter-output>
        </test-method> <!-- test_04 -->
        <test-method is-config="true" signature="tear_down()[pri:0, instance:com_test.TC_04_Test@52719fb6]" started-at="2025-05-05T17:18:15 IST" name="tear_down" finished-at="2025-05-05T17:18:15 IST" duration-ms="308" status="PASS">
          <reporter-output>
          </reporter-output>
        </test-method> <!-- tear_down -->
      </class> <!-- com_test.TC_04_Test -->
    </test> <!-- Test -->
  </suite> <!-- Suite -->
</testng-results>
